

=======================================================================================
2025-11-30 19:07:46,785 [ERROR] Exception on /bank_accounts/index [GET] in D:\Etavarez\Learning\python\frameworks\flask\PRTC\be_aware\venv\Lib\site-packages\flask\app.py:875
Traceback (most recent call last):
  File "D:\Etavarez\Learning\python\frameworks\flask\PRTC\be_aware\venv\Lib\site-packages\flask\app.py", line 1511, in wsgi_app
    response = self.full_dispatch_request()
               ^^^^^^^^^^^^^^^^^^^^^^^^^^^^
  File "D:\Etavarez\Learning\python\frameworks\flask\PRTC\be_aware\venv\Lib\site-packages\flask\app.py", line 919, in full_dispatch_request
    rv = self.handle_user_exception(e)
         ^^^^^^^^^^^^^^^^^^^^^^^^^^^^^
  File "D:\Etavarez\Learning\python\frameworks\flask\PRTC\be_aware\venv\Lib\site-packages\flask\app.py", line 917, in full_dispatch_request
    rv = self.dispatch_request()
         ^^^^^^^^^^^^^^^^^^^^^^^
  File "D:\Etavarez\Learning\python\frameworks\flask\PRTC\be_aware\venv\Lib\site-packages\flask\app.py", line 902, in dispatch_request
    return self.ensure_sync(self.view_functions[rule.endpoint])(**view_args)  # type: ignore[no-any-return]
           ^^^^^^^^^^^^^^^^^^^^^^^^^^^^^^^^^^^^^^^^^^^^^^^^^^^^^^^^^^^^^^^^^
  File "D:\Etavarez\Learning\python\frameworks\flask\PRTC\be_aware\project\app\routes\bank_account_routes.py", line 29, in index
    return render_template('bank_accounts/index.html', **context)
           ^^^^^^^^^^^^^^^^^^^^^^^^^^^^^^^^^^^^^^^^^^^^^^^^^^^^^^
  File "D:\Etavarez\Learning\python\frameworks\flask\PRTC\be_aware\venv\Lib\site-packages\flask\templating.py", line 150, in render_template
    return _render(app, template, context)
           ^^^^^^^^^^^^^^^^^^^^^^^^^^^^^^^
  File "D:\Etavarez\Learning\python\frameworks\flask\PRTC\be_aware\venv\Lib\site-packages\flask\templating.py", line 131, in _render
    rv = template.render(context)
         ^^^^^^^^^^^^^^^^^^^^^^^^
  File "D:\Etavarez\Learning\python\frameworks\flask\PRTC\be_aware\venv\Lib\site-packages\jinja2\environment.py", line 1295, in render
    self.environment.handle_exception()
  File "D:\Etavarez\Learning\python\frameworks\flask\PRTC\be_aware\venv\Lib\site-packages\jinja2\environment.py", line 942, in handle_exception
    raise rewrite_traceback_stack(source=source)
  File "D:\Etavarez\Learning\python\frameworks\flask\PRTC\be_aware\project\app\templates\bank_accounts\index.html", line 1, in top-level template code
    {% extends 'layout.html' %}
    ^^^^^^^^^^^^^^^^^^^^^^^^^
  File "D:\Etavarez\Learning\python\frameworks\flask\PRTC\be_aware\project\app\templates\layout.html", line 41, in top-level template code
    <a class="nav-link" href="{{ url_for('accounts_receivable.index' ) }}">Accounts Receivable</a>
    ^^^^^^^^^^^^^^^^^^^^^^^^^
  File "D:\Etavarez\Learning\python\frameworks\flask\PRTC\be_aware\venv\Lib\site-packages\flask\app.py", line 1121, in url_for
    return self.handle_url_build_error(error, endpoint, values)
           ^^^^^^^^^^^^^^^^^^^^^^^^^^^^^^^^^^^^^^^^^^^^^^^^^^^^
  File "D:\Etavarez\Learning\python\frameworks\flask\PRTC\be_aware\venv\Lib\site-packages\flask\app.py", line 1110, in url_for
    rv = url_adapter.build(  # type: ignore[union-attr]
         ^^^^^^^^^^^^^^^^^^^^^^^^^^^^^^^^^^^^^^^^^^^^^^
  File "D:\Etavarez\Learning\python\frameworks\flask\PRTC\be_aware\venv\Lib\site-packages\werkzeug\routing\map.py", line 924, in build
    raise BuildError(endpoint, values, method, self)
werkzeug.routing.exceptions.BuildError: Could not build url for endpoint 'accounts_receivable.index'. Did you mean 'account_receivable.index' instead?
